[36108:5196:0320/161349.393:WARNING:chrome_command_line_pref_store.cc(122)] Additional command-line proxy switches specified when --no-proxy-server was also specified.
[36108:5196:0320/161349.396:WARNING:chrome_command_line_pref_store.cc(122)] Additional command-line proxy switches specified when --no-proxy-server was also specified.
[36108:5196:0320/161349.465:INFO:chrome_browser_cloud_management_controller.cc(196)] No machine level policy manager exists.
[36108:5196:0320/161349.480:WARNING:chrome_command_line_pref_store.cc(122)] Additional command-line proxy switches specified when --no-proxy-server was also specified.
[19676:1248:0320/161349.765:WARNING:viz_main_impl.cc(85)] VizNullHypothesis is disabled (not a warning)
[19676:1248:0320/161349.768:ERROR:direct_composition_support.cc(1122)] QueryInterface to IDCompositionDevice4 failed: No such interface supported (0x80004002)
[36108:5196:0320/161353.476:INFO:CONSOLE(1945)] "ComponentProfiler: Component-level profiling has not been enabled.", source: https://b.static.lightning.force.com/cs63/aurafile/%7B%22mode%22%3A%22PROD%22%2C%22dfs%22%3A%22c%22%2C%22app%22%3A%22one%3Aone%22%2C%22ls%22%3A1%2C%22lrmc%22%3A%22-386269907%22%7D/Nf7babkdEEC7ZquBX-bGlg/apppart3-4.js (1945)
[36108:5196:0320/161353.538:INFO:CONSOLE(0)] "<meta name="apple-mobile-web-app-capable" content="yes"> is deprecated. Please include <meta name="mobile-web-app-capable" content="yes">", source: https://awcomputing-37a--devteambox.sandbox.lightning.force.com/lightning/app/06m6C0000004i6ZQAQ (0)
[36108:5196:0320/161353.972:INFO:CONSOLE(888)] "empApi setting initialized true for : undefined", source: https://b.static.lightning.force.com/cs63/aurafile/%7B%22mode%22%3A%22PROD%22%2C%22dfs%22%3A%22c%22%2C%22app%22%3A%22one%3Aone%22%2C%22ls%22%3A1%2C%22lrmc%22%3A%22-386269907%22%7D/ySxXKAqNNce3Ufh6i-e_rg/apppart2-4.js (888)
[36108:5196:0320/161354.697:INFO:CONSOLE(1969)] "<lightning-input> The role attribute value is invalid. Options are: 'combobox'", source: https://b.static.lightning.force.com/cs63/aurafile/%7B%22mode%22%3A%22PROD%22%2C%22dfs%22%3A%22c%22%2C%22app%22%3A%22one%3Aone%22%2C%22ls%22%3A1%2C%22lrmc%22%3A%22-386269907%22%7D/Nf7babkdEEC7ZquBX-bGlg/apppart3-4.js (1969)
[36108:5196:0320/161355.113:INFO:CONSOLE(178)] "[object Object]", source: https://b.static.lightning.force.com/cs63/aurafile/%7B%22mode%22%3A%22PROD%22%2C%22dfs%22%3A%22c%22%2C%22app%22%3A%22one%3Aone%22%2C%22ls%22%3A1%2C%22lrmc%22%3A%22-386269907%22%7D/NxvpNiidvDQHqfu5AGeEhA/apppart1-4.js (178)
[36108:5196:0320/161355.194:INFO:CONSOLE(20)] "[ORCHESTRATION] In-App Guidance is disabled. To enable In-App Guidance, visit the settings modal on the In-App Guidance Setup Page.", source: https://b.static.lightning.force.com/cs63/auraCmpDef?_au=3736_-dfAD9qe3a_rWnea76mIkg&_c=false&_density=VIEW_ONE&_dfs=c&_ff=DESKTOP&_l=true&_l10n=en_US&_lrmc=-386269907&_style=520434153&aura.app=markup://one:one&aura.mode=PROD&_def=markup://runtime_iag_core:onboardingManager&_uid=424_mPR9AEkBKJ_kfvR33D0l3A (20)
[36108:5196:0320/161355.444:INFO:CONSOLE(124)] "sfdc-lightning/charts/donut.js has been deprecated. Please update your code to use lightning-donut-chart", source: https://awcomputing-37a--devteambox.sandbox.lightning.force.com/jslibrary/1742419598000/ui-analytics-reporting/EclairNG.js (124)
[36108:5196:0320/161355.445:INFO:CONSOLE(124)] "sfdc-lightning/charts/donut.js has been deprecated. Please update your code to use lightning-donut-chart", source: https://awcomputing-37a--devteambox.sandbox.lightning.force.com/jslibrary/1742419598000/ui-analytics-reporting/EclairNG.js (124)
[36108:5196:0320/161356.516:INFO:CONSOLE(1945)] "ComponentProfiler: Component-level profiling has not been enabled.", source: https://b.static.lightning.force.com/cs63/aurafile/%7B%22mode%22%3A%22PROD%22%2C%22dfs%22%3A%22c%22%2C%22app%22%3A%22one%3Aone%22%2C%22ls%22%3A1%2C%22lrmc%22%3A%22-386269907%22%7D/Nf7babkdEEC7ZquBX-bGlg/apppart3-4.js (1945)
[36108:5196:0320/161356.574:INFO:CONSOLE(0)] "<meta name="apple-mobile-web-app-capable" content="yes"> is deprecated. Please include <meta name="mobile-web-app-capable" content="yes">", source: https://awcomputing-37a--devteambox.sandbox.lightning.force.com/lightning/o/a0H/list?filterName=Recent (0)
[36108:5196:0320/161356.978:INFO:CONSOLE(888)] "empApi setting initialized true for : undefined", source: https://b.static.lightning.force.com/cs63/aurafile/%7B%22mode%22%3A%22PROD%22%2C%22dfs%22%3A%22c%22%2C%22app%22%3A%22one%3Aone%22%2C%22ls%22%3A1%2C%22lrmc%22%3A%22-386269907%22%7D/ySxXKAqNNce3Ufh6i-e_rg/apppart2-4.js (888)
[36108:5196:0320/161357.683:INFO:CONSOLE(1969)] "<lightning-input> The role attribute value is invalid. Options are: 'combobox'", source: https://b.static.lightning.force.com/cs63/aurafile/%7B%22mode%22%3A%22PROD%22%2C%22dfs%22%3A%22c%22%2C%22app%22%3A%22one%3Aone%22%2C%22ls%22%3A1%2C%22lrmc%22%3A%22-386269907%22%7D/Nf7babkdEEC7ZquBX-bGlg/apppart3-4.js (1969)
[36108:5196:0320/161357.964:INFO:CONSOLE(178)] "[object Object]", source: https://b.static.lightning.force.com/cs63/aurafile/%7B%22mode%22%3A%22PROD%22%2C%22dfs%22%3A%22c%22%2C%22app%22%3A%22one%3Aone%22%2C%22ls%22%3A1%2C%22lrmc%22%3A%22-386269907%22%7D/NxvpNiidvDQHqfu5AGeEhA/apppart1-4.js (178)
[36108:5196:0320/161357.965:INFO:CONSOLE(20)] "[ORCHESTRATION] In-App Guidance is disabled. To enable In-App Guidance, visit the settings modal on the In-App Guidance Setup Page.", source: https://b.static.lightning.force.com/cs63/auraCmpDef?_au=3736_-dfAD9qe3a_rWnea76mIkg&_c=false&_density=VIEW_ONE&_dfs=c&_ff=DESKTOP&_l=true&_l10n=en_US&_lrmc=-386269907&_style=520434153&aura.app=markup://one:one&aura.mode=PROD&_def=markup://runtime_iag_core:onboardingManager&_uid=424_mPR9AEkBKJ_kfvR33D0l3A (20)
[36108:5196:0320/161400.019:ERROR:device_event_log_impl.cc(202)] [16:14:00.019] USB: usb_service_win.cc:105 SetupDiGetDeviceProperty({{A45C254E-DF1C-4EFD-8020-67D146A850E0}, 6}) failed: Element not found. (0x490)
[36108:5196:0320/161405.220:INFO:CONSOLE(178)] "[object Object]", source: https://b.static.lightning.force.com/cs63/aurafile/%7B%22mode%22%3A%22PROD%22%2C%22dfs%22%3A%22c%22%2C%22app%22%3A%22one%3Aone%22%2C%22ls%22%3A1%2C%22lrmc%22%3A%22-386269907%22%7D/NxvpNiidvDQHqfu5AGeEhA/apppart1-4.js (178)
[36108:5196:0320/161405.380:WARNING:capture_device_ranking.h(255)] Can't initialize the value of media.audio_input.user_preference_ranking because media.default_audio_capture_device isn't registered or is empty
[36108:5196:0320/161405.380:WARNING:capture_device_ranking.h(255)] Can't initialize the value of media.video_input.user_preference_ranking because media.default_video_capture_Device isn't registered or is empty
[36108:5196:0320/161414.919:INFO:CONSOLE(178)] "[object Object]", source: https://b.static.lightning.force.com/cs63/aurafile/%7B%22mode%22%3A%22PROD%22%2C%22dfs%22%3A%22c%22%2C%22app%22%3A%22one%3Aone%22%2C%22ls%22%3A1%2C%22lrmc%22%3A%22-386269907%22%7D/NxvpNiidvDQHqfu5AGeEhA/apppart1-4.js (178)
[36108:5196:0320/161423.323:INFO:CONSOLE(1536)] "[object HTMLDivElement]", source:  (1536)
[36108:5196:0320/161423.404:INFO:CONSOLE(1536)] "[object HTMLElement]", source:  (1536)
[36108:5196:0320/161425.175:INFO:CONSOLE(1536)] "[object HTMLElement]", source:  (1536)
[36108:5196:0320/161427.428:INFO:CONSOLE(1536)] "[object HTMLElement]", source:  (1536)
[36108:5196:0320/161429.168:INFO:CONSOLE(1536)] "[object HTMLDivElement]", source:  (1536)
[36108:5196:0320/161429.233:INFO:CONSOLE(1536)] "[object HTMLElement]", source:  (1536)
[36108:5196:0320/161430.885:INFO:CONSOLE(1536)] "[object HTMLElement]", source:  (1536)
[36108:5196:0320/161432.530:INFO:CONSOLE(1536)] "[object HTMLElement]", source:  (1536)
[36108:5196:0320/161434.342:INFO:CONSOLE(2314)] "<lightning-spinner> The alternativeText attribute should not be empty. Please add a description of what is causing the wait.", source: https://b.static.lightning.force.com/cs63/aurafile/%7B%22mode%22%3A%22PROD%22%2C%22dfs%22%3A%22c%22%2C%22app%22%3A%22one%3Aone%22%2C%22ls%22%3A1%2C%22lrmc%22%3A%22-386269907%22%7D/NxvpNiidvDQHqfu5AGeEhA/apppart1-4.js (2314)
[36108:5196:0320/161434.361:INFO:CONSOLE(1891)] "Toast: please provide at least the "label" property to show the toast", source: https://b.static.lightning.force.com/cs63/aurafile/%7B%22mode%22%3A%22PROD%22%2C%22dfs%22%3A%22c%22%2C%22app%22%3A%22one%3Aone%22%2C%22ls%22%3A1%2C%22lrmc%22%3A%22-386269907%22%7D/Nf7babkdEEC7ZquBX-bGlg/apppart3-4.js (1891)
[36108:5196:0320/161435.300:INFO:CONSOLE(2314)] "<lightning-spinner> The alternativeText attribute should not be empty. Please add a description of what is causing the wait.", source: https://b.static.lightning.force.com/cs63/aurafile/%7B%22mode%22%3A%22PROD%22%2C%22dfs%22%3A%22c%22%2C%22app%22%3A%22one%3Aone%22%2C%22ls%22%3A1%2C%22lrmc%22%3A%22-386269907%22%7D/NxvpNiidvDQHqfu5AGeEhA/apppart1-4.js (2314)
[36108:5196:0320/161435.312:INFO:CONSOLE(2314)] "<lightning-spinner> The alternativeText attribute should not be empty. Please add a description of what is causing the wait.", source: https://b.static.lightning.force.com/cs63/aurafile/%7B%22mode%22%3A%22PROD%22%2C%22dfs%22%3A%22c%22%2C%22app%22%3A%22one%3Aone%22%2C%22ls%22%3A1%2C%22lrmc%22%3A%22-386269907%22%7D/NxvpNiidvDQHqfu5AGeEhA/apppart1-4.js (2314)
[36108:5196:0320/161435.701:INFO:CONSOLE(178)] "[object Object]", source: https://b.static.lightning.force.com/cs63/aurafile/%7B%22mode%22%3A%22PROD%22%2C%22dfs%22%3A%22c%22%2C%22app%22%3A%22one%3Aone%22%2C%22ls%22%3A1%2C%22lrmc%22%3A%22-386269907%22%7D/NxvpNiidvDQHqfu5AGeEhA/apppart1-4.js (178)
[36108:5196:0320/161439.741:INFO:CONSOLE(1945)] "ComponentProfiler: Component-level profiling has not been enabled.", source: https://b.static.lightning.force.com/cs63/aurafile/%7B%22mode%22%3A%22PROD%22%2C%22dfs%22%3A%22c%22%2C%22app%22%3A%22one%3Aone%22%2C%22ls%22%3A1%2C%22lrmc%22%3A%22-386269907%22%7D/Nf7babkdEEC7ZquBX-bGlg/apppart3-4.js (1945)
[36108:5196:0320/161439.952:INFO:CONSOLE(0)] "<meta name="apple-mobile-web-app-capable" content="yes"> is deprecated. Please include <meta name="mobile-web-app-capable" content="yes">", source: https://awcomputing-37a--devteambox.sandbox.lightning.force.com/lightning/r/a0H6C000006fzKlUAI/view (0)
[36108:5196:0320/161440.033:INFO:CONSOLE(888)] "empApi setting initialized true for : undefined", source: https://b.static.lightning.force.com/cs63/aurafile/%7B%22mode%22%3A%22PROD%22%2C%22dfs%22%3A%22c%22%2C%22app%22%3A%22one%3Aone%22%2C%22ls%22%3A1%2C%22lrmc%22%3A%22-386269907%22%7D/ySxXKAqNNce3Ufh6i-e_rg/apppart2-4.js (888)
[36108:5196:0320/161440.482:INFO:CONSOLE(2211)] "%cO11Y%c Error color:white;background-color:#FF6600;font-weight:bold color:white;background-color:Crimson [object Object] [object Object]", source: https://b.static.lightning.force.com/cs63/aurafile/%7B%22mode%22%3A%22PROD%22%2C%22dfs%22%3A%22c%22%2C%22app%22%3A%22one%3Aone%22%2C%22ls%22%3A1%2C%22lrmc%22%3A%22-386269907%22%7D/ySxXKAqNNce3Ufh6i-e_rg/apppart2-4.js (2211)
[36108:5196:0320/161440.570:INFO:CONSOLE(2211)] "%cO11Y%c Error color:white;background-color:#FF6600;font-weight:bold color:white;background-color:Crimson [object Object] [object Object]", source: https://b.static.lightning.force.com/cs63/aurafile/%7B%22mode%22%3A%22PROD%22%2C%22dfs%22%3A%22c%22%2C%22app%22%3A%22one%3Aone%22%2C%22ls%22%3A1%2C%22lrmc%22%3A%22-386269907%22%7D/ySxXKAqNNce3Ufh6i-e_rg/apppart2-4.js (2211)
[36108:5196:0320/161441.208:INFO:CONSOLE(20)] "[ORCHESTRATION] In-App Guidance is disabled. To enable In-App Guidance, visit the settings modal on the In-App Guidance Setup Page.", source: https://b.static.lightning.force.com/cs63/auraCmpDef?_au=3736_-dfAD9qe3a_rWnea76mIkg&_c=false&_density=VIEW_ONE&_dfs=c&_ff=DESKTOP&_l=true&_l10n=en_US&_lrmc=-386269907&_style=520434153&aura.app=markup://one:one&aura.mode=PROD&_def=markup://runtime_iag_core:onboardingManager&_uid=424_mPR9AEkBKJ_kfvR33D0l3A (20)
[36108:5196:0320/161441.209:INFO:CONSOLE(178)] "[object Object]", source: https://b.static.lightning.force.com/cs63/aurafile/%7B%22mode%22%3A%22PROD%22%2C%22dfs%22%3A%22c%22%2C%22app%22%3A%22one%3Aone%22%2C%22ls%22%3A1%2C%22lrmc%22%3A%22-386269907%22%7D/NxvpNiidvDQHqfu5AGeEhA/apppart1-4.js (178)
[36108:5196:0320/161450.541:WARNING:capture_device_ranking.h(255)] Can't initialize the value of media.audio_input.user_preference_ranking because media.default_audio_capture_device isn't registered or is empty
[36108:5196:0320/161450.541:WARNING:capture_device_ranking.h(255)] Can't initialize the value of media.video_input.user_preference_ranking because media.default_video_capture_Device isn't registered or is empty
[36108:5196:0320/161506.255:INFO:CONSOLE(0)] "An iframe which has both allow-scripts and allow-same-origin for its sandbox attribute can escape its sandboxing.", source: https://awcomputing-37a--devteambox.sandbox.my.salesforce.com/s.gif (0)
[6328:37624:0320/161508.155:WARNING:sqlite_persistent_store_backend_base.cc(198)] Failed to post task from FlushAndNotifyInBackground@net\extras\sqlite\sqlite_persistent_store_backend_base.cc:248 to client_task_runner_.
[6328:37624:0320/161508.155:WARNING:sqlite_persistent_store_backend_base.cc(198)] Failed to post task from FlushAndNotifyInBackground@net\extras\sqlite\sqlite_persistent_store_backend_base.cc:248 to client_task_runner_.
